0 info it worked if it ends with ok
1 verbose cli [ 'E:\\nodejs\\node.exe',
1 verbose cli   'E:\\nodejs\\node_modules\\npm\\bin\\npm-cli.js',
1 verbose cli   'start' ]
2 info using npm@3.10.10
3 info using node@v6.11.2
4 verbose run-script [ 'prestart', 'start', 'poststart' ]
5 info lifecycle hkg-reader@0.0.1~prestart: hkg-reader@0.0.1
6 silly lifecycle hkg-reader@0.0.1~prestart: no script for prestart, continuing
7 info lifecycle hkg-reader@0.0.1~start: hkg-reader@0.0.1
8 verbose lifecycle hkg-reader@0.0.1~start: unsafe-perm in lifecycle true
9 verbose lifecycle hkg-reader@0.0.1~start: PATH: E:\nodejs\node_modules\npm\bin\node-gyp-bin;C:\Users\Edward\Desktop\JS Project\hkg_reader\node_modules\.bin;C:\Program Files (x86)\NVIDIA Corporation\PhysX\Common;C:\ProgramData\Oracle\Java\javapath;C:\Program Files (x86)\AMD APP\bin\x86_64;C:\Program Files (x86)\AMD APP\bin\x86;C:\Windows\system32;C:\Windows;C:\Windows\System32\Wbem;C:\Windows\System32\WindowsPowerShell\v1.0\;C:\Program Files (x86)\ATI Technologies\ATI.ACE\Core-Static;E:\ATI.ACE\Core-Static;C:\Program Files (x86)\Skype\Phone\;E:\Calibre\;C:\Windows\system32\config\systemprofile\.dnx\bin;C:\Program Files\Microsoft DNX\Dnvm\;C:\Program Files\Microsoft SQL Server\130\Tools\Binn\;C:\Program Files (x86)\Windows Kits\8.1\Windows Performance Toolkit\;E:\nodejs\;E:\Git\cmd;C:\Users\Edward\AppData\Roaming\npm;C:\Users\Edward\AppData\Local\atom\bin;E:\Heroku\bin
10 verbose lifecycle hkg-reader@0.0.1~start: CWD: C:\Users\Edward\Desktop\JS Project\hkg_reader
11 silly lifecycle hkg-reader@0.0.1~start: Args: [ '/d /s /c', 'node ./bin/www' ]
12 silly lifecycle hkg-reader@0.0.1~start: Returned: code: 1  signal: null
13 info lifecycle hkg-reader@0.0.1~start: Failed to exec start script
14 verbose stack Error: hkg-reader@0.0.1 start: `node ./bin/www`
14 verbose stack Exit status 1
14 verbose stack     at EventEmitter.<anonymous> (E:\nodejs\node_modules\npm\lib\utils\lifecycle.js:255:16)
14 verbose stack     at emitTwo (events.js:106:13)
14 verbose stack     at EventEmitter.emit (events.js:191:7)
14 verbose stack     at ChildProcess.<anonymous> (E:\nodejs\node_modules\npm\lib\utils\spawn.js:40:14)
14 verbose stack     at emitTwo (events.js:106:13)
14 verbose stack     at ChildProcess.emit (events.js:191:7)
14 verbose stack     at maybeClose (internal/child_process.js:891:16)
14 verbose stack     at Process.ChildProcess._handle.onexit (internal/child_process.js:226:5)
15 verbose pkgid hkg-reader@0.0.1
16 verbose cwd C:\Users\Edward\Desktop\JS Project\hkg_reader
17 error Windows_NT 6.1.7601
18 error argv "E:\\nodejs\\node.exe" "E:\\nodejs\\node_modules\\npm\\bin\\npm-cli.js" "start"
19 error node v6.11.2
20 error npm  v3.10.10
21 error code ELIFECYCLE
22 error hkg-reader@0.0.1 start: `node ./bin/www`
22 error Exit status 1
23 error Failed at the hkg-reader@0.0.1 start script 'node ./bin/www'.
23 error Make sure you have the latest version of node.js and npm installed.
23 error If you do, this is most likely a problem with the hkg-reader package,
23 error not with npm itself.
23 error Tell the author that this fails on your system:
23 error     node ./bin/www
23 error You can get information on how to open an issue for this project with:
23 error     npm bugs hkg-reader
23 error Or if that isn't available, you can get their info via:
23 error     npm owner ls hkg-reader
23 error There is likely additional logging output above.
24 verbose exit [ 1, true ]
